#
# There is insufficient memory for the Java Runtime Environment to continue.
# Native memory allocation (mmap) failed to map 120061952 bytes for committing reserved memory.
# Possible reasons:
#   The system is out of physical RAM or swap space
#   In 32 bit mode, the process size limit was hit
# Possible solutions:
#   Reduce memory load on the system
#   Increase physical memory or swap space
#   Check if swap backing store is full
#   Use 64 bit Java on a 64 bit OS
#   Decrease Java heap size (-Xmx/-Xms)
#   Decrease number of Java threads
#   Decrease Java thread stack sizes (-Xss)
#   Set larger code cache with -XX:ReservedCodeCacheSize=
# This output file may be truncated or incomplete.
#
#  Out of Memory Error (os_linux.cpp:2640), pid=4091, tid=0x00007f0e88fff700
#
# JRE version: Java(TM) SE Runtime Environment (8.0_131-b11) (build 1.8.0_131-b11)
# Java VM: Java HotSpot(TM) 64-Bit Server VM (25.131-b11 mixed mode linux-amd64 compressed oops)
# Failed to write core dump. Core dumps have been disabled. To enable core dumping, try "ulimit -c unlimited" before starting Java again
#

---------------  T H R E A D  ---------------

Current thread (0x00007f0e98074000):  VMThread [stack: 0x00007f0e88eff000,0x00007f0e89000000] [id=4097]

Stack: [0x00007f0e88eff000,0x00007f0e89000000],  sp=0x00007f0e88ffe2a0,  free space=1020k
Native frames: (J=compiled Java code, j=interpreted, Vv=VM code, C=native code)
V  [libjvm.so+0xac826a]  VMError::report_and_die()+0x2ba
V  [libjvm.so+0x4fd4cb]  report_vm_out_of_memory(char const*, int, unsigned long, VMErrorType, char const*)+0x8b
V  [libjvm.so+0x924f53]  os::Linux::commit_memory_impl(char*, unsigned long, bool)+0x103
V  [libjvm.so+0x9254a9]  os::pd_commit_memory(char*, unsigned long, unsigned long, bool)+0x29
V  [libjvm.so+0x91f6ca]  os::commit_memory(char*, unsigned long, unsigned long, bool)+0x2a
V  [libjvm.so+0x9941e3]  PSVirtualSpace::expand_by(unsigned long)+0x53
V  [libjvm.so+0x9955e8]  PSYoungGen::resize_generation(unsigned long, unsigned long)+0xf8
V  [libjvm.so+0x994742]  PSYoungGen::resize(unsigned long, unsigned long)+0x22
V  [libjvm.so+0x991a1b]  PSScavenge::invoke_no_policy()+0xf3b
V  [libjvm.so+0x9921a1]  PSScavenge::invoke()+0x41
V  [libjvm.so+0x948f00]  ParallelScavengeHeap::failed_mem_allocate(unsigned long)+0x70
V  [libjvm.so+0xac9c87]  VM_ParallelGCFailedAllocation::doit()+0x97
V  [libjvm.so+0xad1765]  VM_Operation::evaluate()+0x55
V  [libjvm.so+0xacfb3a]  VMThread::evaluate_operation(VM_Operation*)+0xba
V  [libjvm.so+0xacfebe]  VMThread::loop()+0x1ce
V  [libjvm.so+0xad0330]  VMThread::run()+0x70
V  [libjvm.so+0x927568]  java_start(Thread*)+0x108

VM_Operation (0x00007f0ea0ee9680): ParallelGCFailedAllocation, mode: safepoint, requested by thread 0x00007f0e9800a800


---------------  P R O C E S S  ---------------

Java Threads: ( => current thread )
  0x00007f0e980bb800 JavaThread "Service Thread" daemon [_thread_blocked, id=4103, stack(0x00007f0e884f0000,0x00007f0e885f1000)]
  0x00007f0e980b9000 JavaThread "C1 CompilerThread1" daemon [_thread_blocked, id=4102, stack(0x00007f0e885f1000,0x00007f0e886f2000)]
  0x00007f0e980b6000 JavaThread "C2 CompilerThread0" daemon [_thread_in_native, id=4101, stack(0x00007f0e886f2000,0x00007f0e887f3000)]
  0x00007f0e980b4800 JavaThread "Signal Dispatcher" daemon [_thread_blocked, id=4100, stack(0x00007f0e887f3000,0x00007f0e888f4000)]
  0x00007f0e98080800 JavaThread "Finalizer" daemon [_thread_blocked, id=4099, stack(0x00007f0e88cfd000,0x00007f0e88dfe000)]
  0x00007f0e9807b800 JavaThread "Reference Handler" daemon [_thread_blocked, id=4098, stack(0x00007f0e88dfe000,0x00007f0e88eff000)]
  0x00007f0e9800a800 JavaThread "main" [_thread_blocked, id=4094, stack(0x00007f0ea0def000,0x00007f0ea0ef0000)]

Other Threads:
=>0x00007f0e98074000 VMThread [stack: 0x00007f0e88eff000,0x00007f0e89000000] [id=4097]
  0x00007f0e980be800 WatcherThread [stack: 0x00007f0e883ef000,0x00007f0e884f0000] [id=4104]

VM state:at safepoint (normal execution)

VM Mutex/Monitor currently owned by a thread:  ([mutex/lock_event])
[0x00007f0e980068f0] Threads_lock - owner thread: 0x00007f0e98074000
[0x00007f0e98006df0] Heap_lock - owner thread: 0x00007f0e9800a800

Heap:
 PSYoungGen      total 202752K, used 2080K [0x00000000eab00000, 0x00000000f7700000, 0x0000000100000000)
  eden space 196608K, 0% used [0x00000000eab00000,0x00000000eab00000,0x00000000f6b00000)
  from space 6144K, 33% used [0x00000000f6b00000,0x00000000f6d08000,0x00000000f7100000)
  to   space 6144K, 0% used [0x00000000f7100000,0x00000000f7100000,0x00000000f7700000)
 ParOldGen       total 32768K, used 9216K [0x00000000c0000000, 0x00000000c2000000, 0x00000000eab00000)
  object space 32768K, 28% used [0x00000000c0000000,0x00000000c0900288,0x00000000c2000000)
 Metaspace       used 6022K, capacity 6256K, committed 6528K, reserved 1056768K
  class space    used 564K, capacity 592K, committed 640K, reserved 1048576K

Card table byte_map: [0x00007f0e9d996000,0x00007f0e9db97000] byte_map_base: 0x00007f0e9d396000

Marking Bits: (ParMarkBitMap*) 0x00007f0ea02c2f60
 Begin Bits: [0x00007f0e7f000000, 0x00007f0e80000000)
 End Bits:   [0x00007f0e80000000, 0x00007f0e81000000)

Polling page: 0x00007f0ea0f13000

CodeCache: size=245760Kb used=5910Kb max_used=5910Kb free=239849Kb
 bounds [0x00007f0e89000000, 0x00007f0e895d0000, 0x00007f0e98000000]
 total_blobs=1732 nmethods=1462 adapters=183
 compilation: enabled

Compilation events (10 events):
Event: 2,000 Thread 0x00007f0e980b9000 1486       2       com.vaadin.sass.internal.parser.function.AdjustColorFunctionGenerator::getAdjustments (87 bytes)
Event: 2,001 Thread 0x00007f0e980b9000 nmethod 1486 0x00007f0e895c41d0 code [0x00007f0e895c4380, 0x00007f0e895c48c8]
Event: 2,002 Thread 0x00007f0e980b9000 1488       1       com.vaadin.sass.internal.parser.StringItem::evaluateFunctionsAndExpressions (2 bytes)
Event: 2,002 Thread 0x00007f0e980b9000 nmethod 1488 0x00007f0e895c4c10 code [0x00007f0e895c4d60, 0x00007f0e895c4e70]
Event: 2,041 Thread 0x00007f0e980b9000 1489 %     3       java.text.DigitList::set @ 51 (346 bytes)
Event: 2,043 Thread 0x00007f0e980b9000 nmethod 1489% 0x00007f0e895c4ed0 code [0x00007f0e895c5100, 0x00007f0e895c5ef8]
Event: 2,043 Thread 0x00007f0e980b9000 1490       3       java.text.DigitList::set (346 bytes)
Event: 2,044 Thread 0x00007f0e980b9000 nmethod 1490 0x00007f0e895c66d0 code [0x00007f0e895c68e0, 0x00007f0e895c7558]
Event: 2,091 Thread 0x00007f0e980b9000 1491       2       java.lang.AbstractStringBuilder::append (62 bytes)
Event: 2,092 Thread 0x00007f0e980b9000 nmethod 1491 0x00007f0e895c7c50 code [0x00007f0e895c7e00, 0x00007f0e895c82d8]

GC Heap History (10 events):
Event: 1,060 GC heap after
Heap after GC invocations=4 (full 0):
 PSYoungGen      total 51200K, used 2048K [0x00000000eab00000, 0x00000000edf00000, 0x0000000100000000)
  eden space 49152K, 0% used [0x00000000eab00000,0x00000000eab00000,0x00000000edb00000)
  from space 2048K, 100% used [0x00000000edd00000,0x00000000edf00000,0x00000000edf00000)
  to   space 2048K, 0% used [0x00000000edb00000,0x00000000edb00000,0x00000000edd00000)
 ParOldGen       total 32768K, used 6736K [0x00000000c0000000, 0x00000000c2000000, 0x00000000eab00000)
  object space 32768K, 20% used [0x00000000c0000000,0x00000000c0694268,0x00000000c2000000)
 Metaspace       used 5832K, capacity 6128K, committed 6272K, reserved 1056768K
  class space    used 564K, capacity 592K, committed 640K, reserved 1048576K
}
Event: 1,264 GC heap before
{Heap before GC invocations=5 (full 0):
 PSYoungGen      total 51200K, used 51200K [0x00000000eab00000, 0x00000000edf00000, 0x0000000100000000)
  eden space 49152K, 100% used [0x00000000eab00000,0x00000000edb00000,0x00000000edb00000)
  from space 2048K, 100% used [0x00000000edd00000,0x00000000edf00000,0x00000000edf00000)
  to   space 2048K, 0% used [0x00000000edb00000,0x00000000edb00000,0x00000000edd00000)
 ParOldGen       total 32768K, used 6736K [0x00000000c0000000, 0x00000000c2000000, 0x00000000eab00000)
  object space 32768K, 20% used [0x00000000c0000000,0x00000000c0694268,0x00000000c2000000)
 Metaspace       used 5918K, capacity 6192K, committed 6272K, reserved 1056768K
  class space    used 564K, capacity 592K, committed 640K, reserved 1048576K
Event: 1,271 GC heap after
Heap after GC invocations=5 (full 0):
 PSYoungGen      total 51200K, used 2048K [0x00000000eab00000, 0x00000000f1700000, 0x0000000100000000)
  eden space 49152K, 0% used [0x00000000eab00000,0x00000000eab00000,0x00000000edb00000)
  from space 2048K, 100% used [0x00000000edb00000,0x00000000edd00000,0x00000000edd00000)
  to   space 6144K, 0% used [0x00000000f1100000,0x00000000f1100000,0x00000000f1700000)
 ParOldGen       total 32768K, used 6976K [0x00000000c0000000, 0x00000000c2000000, 0x00000000eab00000)
  object space 32768K, 21% used [0x00000000c0000000,0x00000000c06d0268,0x00000000c2000000)
 Metaspace       used 5918K, capacity 6192K, committed 6272K, reserved 1056768K
  class space    used 564K, capacity 592K, committed 640K, reserved 1048576K
}
Event: 1,338 GC heap before
{Heap before GC invocations=6 (full 0):
 PSYoungGen      total 51200K, used 51200K [0x00000000eab00000, 0x00000000f1700000, 0x0000000100000000)
  eden space 49152K, 100% used [0x00000000eab00000,0x00000000edb00000,0x00000000edb00000)
  from space 2048K, 100% used [0x00000000edb00000,0x00000000edd00000,0x00000000edd00000)
  to   space 6144K, 0% used [0x00000000f1100000,0x00000000f1100000,0x00000000f1700000)
 ParOldGen       total 32768K, used 6976K [0x00000000c0000000, 0x00000000c2000000, 0x00000000eab00000)
  object space 32768K, 21% used [0x00000000c0000000,0x00000000c06d0268,0x00000000c2000000)
 Metaspace       used 5939K, capacity 6256K, committed 6528K, reserved 1056768K
  class space    used 564K, capacity 592K, committed 640K, reserved 1048576K
Event: 1,351 GC heap after
Heap after GC invocations=6 (full 0):
 PSYoungGen      total 104448K, used 2304K [0x00000000eab00000, 0x00000000f1700000, 0x0000000100000000)
  eden space 98304K, 0% used [0x00000000eab00000,0x00000000eab00000,0x00000000f0b00000)
  from space 6144K, 37% used [0x00000000f1100000,0x00000000f1340000,0x00000000f1700000)
  to   space 6144K, 0% used [0x00000000f0b00000,0x00000000f0b00000,0x00000000f1100000)
 ParOldGen       total 32768K, used 6976K [0x00000000c0000000, 0x00000000c2000000, 0x00000000eab00000)
  object space 32768K, 21% used [0x00000000c0000000,0x00000000c06d0268,0x00000000c2000000)
 Metaspace       used 5939K, capacity 6256K, committed 6528K, reserved 1056768K
  class space    used 564K, capacity 592K, committed 640K, reserved 1048576K
}
Event: 1,515 GC heap before
{Heap before GC invocations=7 (full 0):
 PSYoungGen      total 104448K, used 100608K [0x00000000eab00000, 0x00000000f1700000, 0x0000000100000000)
  eden space 98304K, 100% used [0x00000000eab00000,0x00000000f0b00000,0x00000000f0b00000)
  from space 6144K, 37% used [0x00000000f1100000,0x00000000f1340000,0x00000000f1700000)
  to   space 6144K, 0% used [0x00000000f0b00000,0x00000000f0b00000,0x00000000f1100000)
 ParOldGen       total 32768K, used 6976K [0x00000000c0000000, 0x00000000c2000000, 0x00000000eab00000)
  object space 32768K, 21% used [0x00000000c0000000,0x00000000c06d0268,0x00000000c2000000)
 Metaspace       used 5983K, capacity 6256K, committed 6528K, reserved 1056768K
  class space    used 564K, capacity 592K, committed 640K, reserved 1048576K
Event: 1,525 GC heap after
Heap after GC invocations=7 (full 0):
 PSYoungGen      total 104448K, used 1968K [0x00000000eab00000, 0x00000000f7700000, 0x0000000100000000)
  eden space 98304K, 0% used [0x00000000eab00000,0x00000000eab00000,0x00000000f0b00000)
  from space 6144K, 32% used [0x00000000f0b00000,0x00000000f0cec010,0x00000000f1100000)
  to   space 6144K, 0% used [0x00000000f7100000,0x00000000f7100000,0x00000000f7700000)
 ParOldGen       total 32768K, used 7792K [0x00000000c0000000, 0x00000000c2000000, 0x00000000eab00000)
  object space 32768K, 23% used [0x00000000c0000000,0x00000000c079c268,0x00000000c2000000)
 Metaspace       used 5983K, capacity 6256K, committed 6528K, reserved 1056768K
  class space    used 564K, capacity 592K, committed 640K, reserved 1048576K
}
Event: 1,636 GC heap before
{Heap before GC invocations=8 (full 0):
 PSYoungGen      total 104448K, used 100272K [0x00000000eab00000, 0x00000000f7700000, 0x0000000100000000)
  eden space 98304K, 100% used [0x00000000eab00000,0x00000000f0b00000,0x00000000f0b00000)
  from space 6144K, 32% used [0x00000000f0b00000,0x00000000f0cec010,0x00000000f1100000)
  to   space 6144K, 0% used [0x00000000f7100000,0x00000000f7100000,0x00000000f7700000)
 ParOldGen       total 32768K, used 7792K [0x00000000c0000000, 0x00000000c2000000, 0x00000000eab00000)
  object space 32768K, 23% used [0x00000000c0000000,0x00000000c079c268,0x00000000c2000000)
 Metaspace       used 6000K, capacity 6256K, committed 6528K, reserved 1056768K
  class space    used 564K, capacity 592K, committed 640K, reserved 1048576K
Event: 1,650 GC heap after
Heap after GC invocations=8 (full 0):
 PSYoungGen      total 202752K, used 1280K [0x00000000eab00000, 0x00000000f7700000, 0x0000000100000000)
  eden space 196608K, 0% used [0x00000000eab00000,0x00000000eab00000,0x00000000f6b00000)
  from space 6144K, 20% used [0x00000000f7100000,0x00000000f7240000,0x00000000f7700000)
  to   space 6144K, 0% used [0x00000000f6b00000,0x00000000f6b00000,0x00000000f7100000)
 ParOldGen       total 32768K, used 9016K [0x00000000c0000000, 0x00000000c2000000, 0x00000000eab00000)
  object space 32768K, 27% used [0x00000000c0000000,0x00000000c08ce288,0x00000000c2000000)
 Metaspace       used 6000K, capacity 6256K, committed 6528K, reserved 1056768K
  class space    used 564K, capacity 592K, committed 640K, reserved 1048576K
}
Event: 2,105 GC heap before
{Heap before GC invocations=9 (full 0):
 PSYoungGen      total 202752K, used 197888K [0x00000000eab00000, 0x00000000f7700000, 0x0000000100000000)
  eden space 196608K, 100% used [0x00000000eab00000,0x00000000f6b00000,0x00000000f6b00000)
  from space 6144K, 20% used [0x00000000f7100000,0x00000000f7240000,0x00000000f7700000)
  to   space 6144K, 0% used [0x00000000f6b00000,0x00000000f6b00000,0x00000000f7100000)
 ParOldGen       total 32768K, used 9016K [0x00000000c0000000, 0x00000000c2000000, 0x00000000eab00000)
  object space 32768K, 27% used [0x00000000c0000000,0x00000000c08ce288,0x00000000c2000000)
 Metaspace       used 6022K, capacity 6256K, committed 6528K, reserved 1056768K
  class space    used 564K, capacity 592K, committed 640K, reserved 1048576K

Deoptimization events (10 events):
Event: 0,495 Thread 0x00007f0e9800a800 Uncommon trap: reason=unstable_if action=reinterpret pc=0x00007f0e891a0ae8 method=com.vaadin.sass.internal.parser.Generic_CharStream.readChar()C @ 34
Event: 0,604 Thread 0x00007f0e9800a800 Uncommon trap: reason=unstable_if action=reinterpret pc=0x00007f0e892cdee0 method=com.vaadin.sass.internal.parser.Generic_CharStream.GetSuffix(I)[C @ 11
Event: 0,670 Thread 0x00007f0e9800a800 Uncommon trap: reason=unstable_if action=reinterpret pc=0x00007f0e892f1878 method=java.util.regex.Matcher.reset()Ljava/util/regex/Matcher; @ 47
Event: 0,684 Thread 0x00007f0e9800a800 Uncommon trap: reason=unstable_if action=reinterpret pc=0x00007f0e89131e6c method=java.lang.String.startsWith(Ljava/lang/String;I)Z @ 25
Event: 0,711 Thread 0x00007f0e9800a800 Uncommon trap: reason=unstable_if action=reinterpret pc=0x00007f0e891cc1cc method=com.vaadin.sass.internal.parser.ParserTokenManager.jjCheckNAdd(I)V @ 10
Event: 0,711 Thread 0x00007f0e9800a800 Uncommon trap: reason=unstable_if action=reinterpret pc=0x00007f0e8919da28 method=com.vaadin.sass.internal.parser.ParserTokenManager.jjCheckNAdd(I)V @ 10
Event: 0,711 Thread 0x00007f0e9800a800 Uncommon trap: reason=unstable_if action=reinterpret pc=0x00007f0e892ddf64 method=com.vaadin.sass.internal.parser.Parser.convertStringIndex(Ljava/lang/String;II)Ljava/lang/String; @ 31
Event: 1,334 Thread 0x00007f0e9800a800 Uncommon trap: reason=unstable_if action=reinterpret pc=0x00007f0e8950a1c4 method=com.vaadin.sass.internal.tree.Node.removeFromParent()V @ 4
Event: 1,756 Thread 0x00007f0e9800a800 Uncommon trap: reason=bimorphic action=maybe_recompile pc=0x00007f0e895a3630 method=com.vaadin.sass.internal.parser.StringInterpolationSequence.<init>(Ljava/util/List;)V @ 51
Event: 1,775 Thread 0x00007f0e9800a800 Uncommon trap: reason=unstable_if action=reinterpret pc=0x00007f0e8945e1ac method=java.util.regex.Pattern.has(I)Z @ 6

Internal exceptions (10 events):
Event: 0,958 Thread 0x00007f0e9800a800 Exception <a 'java/io/FileNotFoundException'> (0x00000000eb1e81c8) thrown at [/HUDSON/workspace/8-2-build-linux-amd64/jdk8u131/8869/hotspot/src/share/vm/prims/jni.cpp, line 709]
Event: 0,959 Thread 0x00007f0e9800a800 Exception <a 'java/io/FileNotFoundException'> (0x00000000eb20b288) thrown at [/HUDSON/workspace/8-2-build-linux-amd64/jdk8u131/8869/hotspot/src/share/vm/prims/jni.cpp, line 709]
Event: 0,959 Thread 0x00007f0e9800a800 Exception <a 'java/io/FileNotFoundException'> (0x00000000eb20c120) thrown at [/HUDSON/workspace/8-2-build-linux-amd64/jdk8u131/8869/hotspot/src/share/vm/prims/jni.cpp, line 709]
Event: 0,959 Thread 0x00007f0e9800a800 Exception <a 'java/io/FileNotFoundException'> (0x00000000eb20c960) thrown at [/HUDSON/workspace/8-2-build-linux-amd64/jdk8u131/8869/hotspot/src/share/vm/prims/jni.cpp, line 709]
Event: 0,962 Thread 0x00007f0e9800a800 Exception <a 'java/io/FileNotFoundException'> (0x00000000eb22c538) thrown at [/HUDSON/workspace/8-2-build-linux-amd64/jdk8u131/8869/hotspot/src/share/vm/prims/jni.cpp, line 709]
Event: 0,962 Thread 0x00007f0e9800a800 Exception <a 'java/io/FileNotFoundException'> (0x00000000eb22d3d0) thrown at [/HUDSON/workspace/8-2-build-linux-amd64/jdk8u131/8869/hotspot/src/share/vm/prims/jni.cpp, line 709]
Event: 0,962 Thread 0x00007f0e9800a800 Exception <a 'java/io/FileNotFoundException'> (0x00000000eb22dc10) thrown at [/HUDSON/workspace/8-2-build-linux-amd64/jdk8u131/8869/hotspot/src/share/vm/prims/jni.cpp, line 709]
Event: 0,968 Thread 0x00007f0e9800a800 Exception <a 'java/io/FileNotFoundException'> (0x00000000eb327810) thrown at [/HUDSON/workspace/8-2-build-linux-amd64/jdk8u131/8869/hotspot/src/share/vm/prims/jni.cpp, line 709]
Event: 0,968 Thread 0x00007f0e9800a800 Exception <a 'java/io/FileNotFoundException'> (0x00000000eb3286e0) thrown at [/HUDSON/workspace/8-2-build-linux-amd64/jdk8u131/8869/hotspot/src/share/vm/prims/jni.cpp, line 709]
Event: 0,968 Thread 0x00007f0e9800a800 Exception <a 'java/io/FileNotFoundException'> (0x00000000eb328f50) thrown at [/HUDSON/workspace/8-2-build-linux-amd64/jdk8u131/8869/hotspot/src/share/vm/prims/jni.cpp, line 709]

Events (10 events):
Event: 1,800 Thread 0x00007f0e9800a800 DEOPT UNPACKING pc=0x00007f0e89047633 sp=0x00007f0ea0ee9918 mode 0
Event: 1,851 Thread 0x00007f0e9800a800 DEOPT PACKING pc=0x00007f0e894a98e7 sp=0x00007f0ea0ee9bb0
Event: 1,851 Thread 0x00007f0e9800a800 DEOPT UNPACKING pc=0x00007f0e89047633 sp=0x00007f0ea0ee9910 mode 0
Event: 1,864 Thread 0x00007f0e9800a800 DEOPT PACKING pc=0x00007f0e893117cd sp=0x00007f0ea0eebed0
Event: 1,864 Thread 0x00007f0e9800a800 DEOPT UNPACKING pc=0x00007f0e89047633 sp=0x00007f0ea0eebca0 mode 0
Event: 1,868 Thread 0x00007f0e9800a800 DEOPT PACKING pc=0x00007f0e89457c1e sp=0x00007f0ea0eea040
Event: 1,868 Thread 0x00007f0e9800a800 DEOPT UNPACKING pc=0x00007f0e89047633 sp=0x00007f0ea0ee9e08 mode 0
Event: 2,044 Thread 0x00007f0e9800a800 DEOPT PACKING pc=0x00007f0e894a30a1 sp=0x00007f0ea0eeb450
Event: 2,044 Thread 0x00007f0e9800a800 DEOPT UNPACKING pc=0x00007f0e89047633 sp=0x00007f0ea0eeb180 mode 0
Event: 2,105 Executing VM operation: ParallelGCFailedAllocation


Dynamic libraries:
00400000-00401000 r-xp 00000000 08:01 1984820                            /usr/lib/jvm/java-8-oracle/jre/bin/java
00600000-00601000 rw-p 00000000 08:01 1984820                            /usr/lib/jvm/java-8-oracle/jre/bin/java
008c9000-008ea000 rw-p 00000000 00:00 0                                  [heap]
c0000000-c2000000 rw-p 00000000 00:00 0 
c2000000-eab00000 ---p 00000000 00:00 0 
eab00000-f7700000 rw-p 00000000 00:00 0 
fe980000-100000000 ---p 00000000 00:00 0 
100000000-1000a0000 rw-p 00000000 00:00 0 
1000a0000-140000000 ---p 00000000 00:00 0 
7f0e58000000-7f0e58021000 rw-p 00000000 00:00 0 
7f0e58021000-7f0e5c000000 ---p 00000000 00:00 0 
7f0e5c000000-7f0e5c021000 rw-p 00000000 00:00 0 
7f0e5c021000-7f0e60000000 ---p 00000000 00:00 0 
7f0e60000000-7f0e60b46000 rw-p 00000000 00:00 0 
7f0e60b46000-7f0e64000000 ---p 00000000 00:00 0 
7f0e64000000-7f0e649e9000 rw-p 00000000 00:00 0 
7f0e649e9000-7f0e68000000 ---p 00000000 00:00 0 
7f0e68000000-7f0e68021000 rw-p 00000000 00:00 0 
7f0e68021000-7f0e6c000000 ---p 00000000 00:00 0 
7f0e6c000000-7f0e6c021000 rw-p 00000000 00:00 0 
7f0e6c021000-7f0e70000000 ---p 00000000 00:00 0 
7f0e70000000-7f0e70295000 rw-p 00000000 00:00 0 
7f0e70295000-7f0e74000000 ---p 00000000 00:00 0 
7f0e74000000-7f0e74021000 rw-p 00000000 00:00 0 
7f0e74021000-7f0e78000000 ---p 00000000 00:00 0 
7f0e78000000-7f0e78021000 rw-p 00000000 00:00 0 
7f0e78021000-7f0e7c000000 ---p 00000000 00:00 0 
7f0e7f000000-7f0e81000000 rw-p 00000000 00:00 0 
7f0e84000000-7f0e84021000 rw-p 00000000 00:00 0 
7f0e84021000-7f0e88000000 ---p 00000000 00:00 0 
7f0e883ef000-7f0e883f0000 ---p 00000000 00:00 0 
7f0e883f0000-7f0e884f0000 rw-p 00000000 00:00 0 
7f0e884f0000-7f0e884f3000 ---p 00000000 00:00 0 
7f0e884f3000-7f0e885f1000 rw-p 00000000 00:00 0 
7f0e885f1000-7f0e885f4000 ---p 00000000 00:00 0 
7f0e885f4000-7f0e886f2000 rw-p 00000000 00:00 0 
7f0e886f2000-7f0e886f5000 ---p 00000000 00:00 0 
7f0e886f5000-7f0e887f3000 rw-p 00000000 00:00 0 
7f0e887f3000-7f0e887f6000 ---p 00000000 00:00 0 
7f0e887f6000-7f0e888f4000 rw-p 00000000 00:00 0 
7f0e888f4000-7f0e88cfd000 r--p 00000000 08:01 1969229                    /usr/lib/locale/locale-archive
7f0e88cfd000-7f0e88d00000 ---p 00000000 00:00 0 
7f0e88d00000-7f0e88dfe000 rw-p 00000000 00:00 0 
7f0e88dfe000-7f0e88e01000 ---p 00000000 00:00 0 
7f0e88e01000-7f0e88eff000 rw-p 00000000 00:00 0 
7f0e88eff000-7f0e88f00000 ---p 00000000 00:00 0 
7f0e88f00000-7f0e89000000 rw-p 00000000 00:00 0 
7f0e89000000-7f0e895d0000 rwxp 00000000 00:00 0 
7f0e895d0000-7f0e98000000 ---p 00000000 00:00 0 
7f0e98000000-7f0e9859e000 rw-p 00000000 00:00 0 
7f0e9859e000-7f0e9c000000 ---p 00000000 00:00 0 
7f0e9c028000-7f0e9c032000 r--s 0063d000 08:01 1053653                    /home/java/.m2/repository/com/vaadin/vaadin-themes/8.0.6/vaadin-themes-8.0.6.jar
7f0e9c032000-7f0e9c035000 r--s 000b8000 08:01 1053651                    /home/java/.m2/repository/com/vaadin/vaadin-client-compiled/8.0.6/vaadin-client-compiled-8.0.6.jar
7f0e9c035000-7f0e9c037000 r--s 00007000 08:01 1053648                    /home/java/.m2/repository/com/vaadin/external/slf4j/vaadin-slf4j-jdk14/1.6.1/vaadin-slf4j-jdk14-1.6.1.jar
7f0e9c037000-7f0e9c047000 r--s 000cb000 08:01 1053647                    /home/java/.m2/repository/com/vaadin/external/atmosphere/atmosphere-runtime/2.4.5.vaadin2/atmosphere-runtime-2.4.5.vaadin2.jar
7f0e9c047000-7f0e9c04d000 r--s 00047000 08:01 1053641                    /home/java/.m2/repository/org/jsoup/jsoup/1.8.3/jsoup-1.8.3.jar
7f0e9c04d000-7f0e9c05c000 r--s 0005d000 08:01 1053638                    /home/java/.m2/repository/com/vaadin/vaadin-shared/8.0.6/vaadin-shared-8.0.6.jar
7f0e9c05c000-7f0e9c065000 r--s 0007a000 08:01 1053632                    /home/java/.m2/repository/com/vaadin/vaadin-sass-compiler/0.9.13/vaadin-sass-compiler-0.9.13.jar
7f0e9c065000-7f0e9c083000 r--s 00226000 08:01 1053630                    /home/java/.m2/repository/com/vaadin/vaadin-server/8.0.6/vaadin-server-8.0.6.jar
7f0e9c083000-7f0e9c9ef000 rw-p 00000000 00:00 0 
7f0e9c9ef000-7f0e9cbc8000 r--s 03d40000 08:01 1984872                    /usr/lib/jvm/java-8-oracle/jre/lib/rt.jar
7f0e9cbc8000-7f0e9d1fe000 rw-p 00000000 00:00 0 
7f0e9d1fe000-7f0e9d43e000 ---p 00000000 00:00 0 
7f0e9d43e000-7f0e9d63e000 rw-p 00000000 00:00 0 
7f0e9d63e000-7f0e9d63f000 ---p 00000000 00:00 0 
7f0e9d63f000-7f0e9d73f000 rw-p 00000000 00:00 0 
7f0e9d73f000-7f0e9d740000 ---p 00000000 00:00 0 
7f0e9d740000-7f0e9d850000 rw-p 00000000 00:00 0 
7f0e9d850000-7f0e9d996000 ---p 00000000 00:00 0 
7f0e9d996000-7f0e9d9a6000 rw-p 00000000 00:00 0 
7f0e9d9a6000-7f0e9daeb000 ---p 00000000 00:00 0 
7f0e9daeb000-7f0e9db52000 rw-p 00000000 00:00 0 
7f0e9db52000-7f0e9db96000 ---p 00000000 00:00 0 
7f0e9db96000-7f0e9dbaf000 rw-p 00000000 00:00 0 
7f0e9dbaf000-7f0e9df57000 ---p 00000000 00:00 0 
7f0e9df57000-7f0e9df71000 r-xp 00000000 08:01 1984926                    /usr/lib/jvm/java-8-oracle/jre/lib/amd64/libzip.so
7f0e9df71000-7f0e9e171000 ---p 0001a000 08:01 1984926                    /usr/lib/jvm/java-8-oracle/jre/lib/amd64/libzip.so
7f0e9e171000-7f0e9e172000 rw-p 0001a000 08:01 1984926                    /usr/lib/jvm/java-8-oracle/jre/lib/amd64/libzip.so
7f0e9e172000-7f0e9e17d000 r-xp 00000000 08:01 660370                     /lib/x86_64-linux-gnu/libnss_files-2.23.so
7f0e9e17d000-7f0e9e37c000 ---p 0000b000 08:01 660370                     /lib/x86_64-linux-gnu/libnss_files-2.23.so
7f0e9e37c000-7f0e9e37d000 r--p 0000a000 08:01 660370                     /lib/x86_64-linux-gnu/libnss_files-2.23.so
7f0e9e37d000-7f0e9e37e000 rw-p 0000b000 08:01 660370                     /lib/x86_64-linux-gnu/libnss_files-2.23.so
7f0e9e37e000-7f0e9e384000 rw-p 00000000 00:00 0 
7f0e9e384000-7f0e9e38f000 r-xp 00000000 08:01 660397                     /lib/x86_64-linux-gnu/libnss_nis-2.23.so
7f0e9e38f000-7f0e9e58e000 ---p 0000b000 08:01 660397                     /lib/x86_64-linux-gnu/libnss_nis-2.23.so
7f0e9e58e000-7f0e9e58f000 r--p 0000a000 08:01 660397                     /lib/x86_64-linux-gnu/libnss_nis-2.23.so
7f0e9e58f000-7f0e9e590000 rw-p 0000b000 08:01 660397                     /lib/x86_64-linux-gnu/libnss_nis-2.23.so
7f0e9e590000-7f0e9e5a6000 r-xp 00000000 08:01 660364                     /lib/x86_64-linux-gnu/libnsl-2.23.so
7f0e9e5a6000-7f0e9e7a5000 ---p 00016000 08:01 660364                     /lib/x86_64-linux-gnu/libnsl-2.23.so
7f0e9e7a5000-7f0e9e7a6000 r--p 00015000 08:01 660364                     /lib/x86_64-linux-gnu/libnsl-2.23.so
7f0e9e7a6000-7f0e9e7a7000 rw-p 00016000 08:01 660364                     /lib/x86_64-linux-gnu/libnsl-2.23.so
7f0e9e7a7000-7f0e9e7a9000 rw-p 00000000 00:00 0 
7f0e9e7a9000-7f0e9e7b1000 r-xp 00000000 08:01 660468                     /lib/x86_64-linux-gnu/libnss_compat-2.23.so
7f0e9e7b1000-7f0e9e9b0000 ---p 00008000 08:01 660468                     /lib/x86_64-linux-gnu/libnss_compat-2.23.so
7f0e9e9b0000-7f0e9e9b1000 r--p 00007000 08:01 660468                     /lib/x86_64-linux-gnu/libnss_compat-2.23.so
7f0e9e9b1000-7f0e9e9b2000 rw-p 00008000 08:01 660468                     /lib/x86_64-linux-gnu/libnss_compat-2.23.so
7f0e9e9b2000-7f0e9e9dd000 r-xp 00000000 08:01 1984920                    /usr/lib/jvm/java-8-oracle/jre/lib/amd64/libjava.so
7f0e9e9dd000-7f0e9ebdc000 ---p 0002b000 08:01 1984920                    /usr/lib/jvm/java-8-oracle/jre/lib/amd64/libjava.so
7f0e9ebdc000-7f0e9ebde000 rw-p 0002a000 08:01 1984920                    /usr/lib/jvm/java-8-oracle/jre/lib/amd64/libjava.so
7f0e9ebde000-7f0e9ebeb000 r-xp 00000000 08:01 1984925                    /usr/lib/jvm/java-8-oracle/jre/lib/amd64/libverify.so
7f0e9ebeb000-7f0e9edea000 ---p 0000d000 08:01 1984925                    /usr/lib/jvm/java-8-oracle/jre/lib/amd64/libverify.so
7f0e9edea000-7f0e9edec000 rw-p 0000c000 08:01 1984925                    /usr/lib/jvm/java-8-oracle/jre/lib/amd64/libverify.so
7f0e9edec000-7f0e9edf3000 r-xp 00000000 08:01 660402                     /lib/x86_64-linux-gnu/librt-2.23.so
7f0e9edf3000-7f0e9eff2000 ---p 00007000 08:01 660402                     /lib/x86_64-linux-gnu/librt-2.23.so
7f0e9eff2000-7f0e9eff3000 r--p 00006000 08:01 660402                     /lib/x86_64-linux-gnu/librt-2.23.so
7f0e9eff3000-7f0e9eff4000 rw-p 00007000 08:01 660402                     /lib/x86_64-linux-gnu/librt-2.23.so
7f0e9eff4000-7f0e9f0fc000 r-xp 00000000 08:01 660489                     /lib/x86_64-linux-gnu/libm-2.23.so
7f0e9f0fc000-7f0e9f2fb000 ---p 00108000 08:01 660489                     /lib/x86_64-linux-gnu/libm-2.23.so
7f0e9f2fb000-7f0e9f2fc000 r--p 00107000 08:01 660489                     /lib/x86_64-linux-gnu/libm-2.23.so
7f0e9f2fc000-7f0e9f2fd000 rw-p 00108000 08:01 660489                     /lib/x86_64-linux-gnu/libm-2.23.so
7f0e9f2fd000-7f0e9ffcc000 r-xp 00000000 08:01 1984948                    /usr/lib/jvm/java-8-oracle/jre/lib/amd64/server/libjvm.so
7f0e9ffcc000-7f0ea01cc000 ---p 00ccf000 08:01 1984948                    /usr/lib/jvm/java-8-oracle/jre/lib/amd64/server/libjvm.so
7f0ea01cc000-7f0ea02a5000 rw-p 00ccf000 08:01 1984948                    /usr/lib/jvm/java-8-oracle/jre/lib/amd64/server/libjvm.so
7f0ea02a5000-7f0ea02f0000 rw-p 00000000 00:00 0 
7f0ea02f0000-7f0ea04b0000 r-xp 00000000 08:01 660502                     /lib/x86_64-linux-gnu/libc-2.23.so
7f0ea04b0000-7f0ea06b0000 ---p 001c0000 08:01 660502                     /lib/x86_64-linux-gnu/libc-2.23.so
7f0ea06b0000-7f0ea06b4000 r--p 001c0000 08:01 660502                     /lib/x86_64-linux-gnu/libc-2.23.so
7f0ea06b4000-7f0ea06b6000 rw-p 001c4000 08:01 660502                     /lib/x86_64-linux-gnu/libc-2.23.so
7f0ea06b6000-7f0ea06ba000 rw-p 00000000 00:00 0 
7f0ea06ba000-7f0ea06bd000 r-xp 00000000 08:01 660463                     /lib/x86_64-linux-gnu/libdl-2.23.so
7f0ea06bd000-7f0ea08bc000 ---p 00003000 08:01 660463                     /lib/x86_64-linux-gnu/libdl-2.23.so
7f0ea08bc000-7f0ea08bd000 r--p 00002000 08:01 660463                     /lib/x86_64-linux-gnu/libdl-2.23.so
7f0ea08bd000-7f0ea08be000 rw-p 00003000 08:01 660463                     /lib/x86_64-linux-gnu/libdl-2.23.so
7f0ea08be000-7f0ea08d3000 r-xp 00000000 08:01 1984944                    /usr/lib/jvm/java-8-oracle/jre/lib/amd64/jli/libjli.so
7f0ea08d3000-7f0ea0ad3000 ---p 00015000 08:01 1984944                    /usr/lib/jvm/java-8-oracle/jre/lib/amd64/jli/libjli.so
7f0ea0ad3000-7f0ea0ad4000 rw-p 00015000 08:01 1984944                    /usr/lib/jvm/java-8-oracle/jre/lib/amd64/jli/libjli.so
7f0ea0ad4000-7f0ea0aec000 r-xp 00000000 08:01 660392                     /lib/x86_64-linux-gnu/libpthread-2.23.so
7f0ea0aec000-7f0ea0ceb000 ---p 00018000 08:01 660392                     /lib/x86_64-linux-gnu/libpthread-2.23.so
7f0ea0ceb000-7f0ea0cec000 r--p 00017000 08:01 660392                     /lib/x86_64-linux-gnu/libpthread-2.23.so
7f0ea0cec000-7f0ea0ced000 rw-p 00018000 08:01 660392                     /lib/x86_64-linux-gnu/libpthread-2.23.so
7f0ea0ced000-7f0ea0cf1000 rw-p 00000000 00:00 0 
7f0ea0cf1000-7f0ea0d17000 r-xp 00000000 08:01 660365                     /lib/x86_64-linux-gnu/ld-2.23.so
7f0ea0d17000-7f0ea0d18000 r--s 00013000 08:01 1053646                    /home/java/.m2/repository/com/vaadin/vaadin-push/8.0.6/vaadin-push-8.0.6.jar
7f0ea0d18000-7f0ea0d1a000 r--s 00012000 08:01 1053634                    /home/java/.m2/repository/com/vaadin/external/flute/flute/1.3.0.gg2/flute-1.3.0.gg2.jar
7f0ea0d1a000-7f0ea0d1d000 r--s 00012000 08:01 1053628                    /home/java/.m2/repository/javax/servlet/javax.servlet-api/3.0.1/javax.servlet-api-3.0.1.jar
7f0ea0d1d000-7f0ea0def000 rw-p 00000000 00:00 0 
7f0ea0def000-7f0ea0df2000 ---p 00000000 00:00 0 
7f0ea0df2000-7f0ea0ef4000 rw-p 00000000 00:00 0 
7f0ea0ef4000-7f0ea0ef5000 r--s 00005000 08:01 1053642                    /home/java/.m2/repository/com/googlecode/gentyref/gentyref/1.2.0/gentyref-1.2.0.jar
7f0ea0ef5000-7f0ea0ef6000 r--s 00003000 08:01 1053636                    /home/java/.m2/repository/org/w3c/css/sac/1.3/sac-1.3.jar
7f0ea0ef6000-7f0ea0f0a000 rw-p 00000000 00:00 0 
7f0ea0f0a000-7f0ea0f12000 rw-s 00000000 08:01 2894587                    /tmp/hsperfdata_java/4091
7f0ea0f12000-7f0ea0f13000 rw-p 00000000 00:00 0 
7f0ea0f13000-7f0ea0f14000 ---p 00000000 00:00 0 
7f0ea0f14000-7f0ea0f16000 rw-p 00000000 00:00 0 
7f0ea0f16000-7f0ea0f17000 r--p 00025000 08:01 660365                     /lib/x86_64-linux-gnu/ld-2.23.so
7f0ea0f17000-7f0ea0f18000 rw-p 00026000 08:01 660365                     /lib/x86_64-linux-gnu/ld-2.23.so
7f0ea0f18000-7f0ea0f19000 rw-p 00000000 00:00 0 
7fff1af55000-7fff1af76000 rw-p 00000000 00:00 0                          [stack]
7fff1af78000-7fff1af7a000 r--p 00000000 00:00 0                          [vvar]
7fff1af7a000-7fff1af7c000 r-xp 00000000 00:00 0                          [vdso]
ffffffffff600000-ffffffffff601000 r-xp 00000000 00:00 0                  [vsyscall]

VM Arguments:
jvm_args: -Xmx1G 
java_command: com.vaadin.sass.SassCompiler /home/java/eclipse-workspace/ejercicio05/src/main/webapp/VAADIN/themes/mytheme/styles.scss /home/java/eclipse-workspace/ejercicio05/src/main/webapp/VAADIN/themes/mytheme/styles.css
java_class_path (initial): /home/java/eclipse-workspace/ejercicio05/src/main/webapp:/home/java/eclipse-workspace/ejercicio05/target/classes:/home/java/eclipse-workspace/ejercicio05/src/main/java:/home/java/.m2/repository/javax/servlet/javax.servlet-api/3.0.1/javax.servlet-api-3.0.1.jar:/home/java/.m2/repository/com/vaadin/vaadin-server/8.0.6/vaadin-server-8.0.6.jar:/home/java/.m2/repository/com/vaadin/vaadin-sass-compiler/0.9.13/vaadin-sass-compiler-0.9.13.jar:/home/java/.m2/repository/org/w3c/css/sac/1.3/sac-1.3.jar:/home/java/.m2/repository/com/vaadin/external/flute/flute/1.3.0.gg2/flute-1.3.0.gg2.jar:/home/java/.m2/repository/com/vaadin/vaadin-shared/8.0.6/vaadin-shared-8.0.6.jar:/home/java/.m2/repository/org/jsoup/jsoup/1.8.3/jsoup-1.8.3.jar:/home/java/.m2/repository/com/googlecode/gentyref/gentyref/1.2.0/gentyref-1.2.0.jar:/home/java/.m2/repository/com/vaadin/vaadin-push/8.0.6/vaadin-push-8.0.6.jar:/home/java/.m2/repository/com/vaadin/external/atmosphere/atmosphere-runtime/2.4.5.vaadin2/atmosphere-runtime-2.4.5.vaadin2.jar:/home/java/.m2/repository/com/vaadin/external/slf4j/vaadin-slf4j-jdk14/1.6.1/vaadin-slf4j-jdk14-1.6.1.jar:/home/java/.m2/repository/com/vaadin/vaadin-client-compiled/8.0.6/vaadin-client-compiled-8.0.6.jar:/home/java/.m2/repository/com/vaadin/vaadin-themes/8.0.6/vaadin-themes-8.0.6.jar
Launcher Type: SUN_STANDARD

Environment Variables:
JAVA_HOME=/usr/lib/jvm/java-8-oracle
CLASSPATH=/home/java/eclipse-workspace/ejercicio05/src/main/webapp:/home/java/eclipse-workspace/ejercicio05/target/classes:/home/java/eclipse-workspace/ejercicio05/src/main/java:/home/java/.m2/repository/javax/servlet/javax.servlet-api/3.0.1/javax.servlet-api-3.0.1.jar:/home/java/.m2/repository/com/vaadin/vaadin-server/8.0.6/vaadin-server-8.0.6.jar:/home/java/.m2/repository/com/vaadin/vaadin-sass-compiler/0.9.13/vaadin-sass-compiler-0.9.13.jar:/home/java/.m2/repository/org/w3c/css/sac/1.3/sac-1.3.jar:/home/java/.m2/repository/com/vaadin/external/flute/flute/1.3.0.gg2/flute-1.3.0.gg2.jar:/home/java/.m2/repository/com/vaadin/vaadin-shared/8.0.6/vaadin-shared-8.0.6.jar:/home/java/.m2/repository/org/jsoup/jsoup/1.8.3/jsoup-1.8.3.jar:/home/java/.m2/repository/com/googlecode/gentyref/gentyref/1.2.0/gentyref-1.2.0.jar:/home/java/.m2/repository/com/vaadin/vaadin-push/8.0.6/vaadin-push-8.0.6.jar:/home/java/.m2/repository/com/vaadin/external/atmosphere/atmosphere-runtime/2.4.5.vaadin2/atmosphere-runtime-2.4.5.vaadin2.jar:/home/java/.m2/repository/com/vaadin/external/slf4j/vaadin-slf4j-jdk14/1.6.1/vaadin-slf4j-jdk14-1.6.1.jar:/home/java/.m2/repository/com/vaadin/vaadin-client-compiled/8.0.6/vaadin-client-compiled-8.0.6.jar:/home/java/.m2/repository/com/vaadin/vaadin-themes/8.0.6/vaadin-themes-8.0.6.jar
PATH=/home/java/bin:/home/java/.local/bin:/usr/local/sbin:/usr/local/bin:/usr/sbin:/usr/bin:/sbin:/bin:/usr/games:/usr/local/games:/usr/lib/jvm/java-8-oracle/bin:/usr/lib/jvm/java-8-oracle/db/bin:/usr/lib/jvm/java-8-oracle/jre/bin
USERNAME=java
SHELL=/bin/bash
DISPLAY=:0

Signal Handlers:
SIGSEGV: [libjvm.so+0xac8af0], sa_mask[0]=11111111011111111101111111111110, sa_flags=SA_RESTART|SA_SIGINFO
SIGBUS: [libjvm.so+0xac8af0], sa_mask[0]=11111111011111111101111111111110, sa_flags=SA_RESTART|SA_SIGINFO
SIGFPE: [libjvm.so+0x921dd0], sa_mask[0]=11111111011111111101111111111110, sa_flags=SA_RESTART|SA_SIGINFO
SIGPIPE: [libjvm.so+0x921dd0], sa_mask[0]=11111111011111111101111111111110, sa_flags=SA_RESTART|SA_SIGINFO
SIGXFSZ: [libjvm.so+0x921dd0], sa_mask[0]=11111111011111111101111111111110, sa_flags=SA_RESTART|SA_SIGINFO
SIGILL: [libjvm.so+0x921dd0], sa_mask[0]=11111111011111111101111111111110, sa_flags=SA_RESTART|SA_SIGINFO
SIGUSR1: SIG_DFL, sa_mask[0]=00000000000000000000000000000000, sa_flags=none
SIGUSR2: [libjvm.so+0x923610], sa_mask[0]=00100000000000000000000000000000, sa_flags=SA_RESTART|SA_SIGINFO
SIGHUP: [libjvm.so+0x924a10], sa_mask[0]=11111111011111111101111111111110, sa_flags=SA_RESTART|SA_SIGINFO
SIGINT: [libjvm.so+0x924a10], sa_mask[0]=11111111011111111101111111111110, sa_flags=SA_RESTART|SA_SIGINFO
SIGTERM: [libjvm.so+0x924a10], sa_mask[0]=11111111011111111101111111111110, sa_flags=SA_RESTART|SA_SIGINFO
SIGQUIT: [libjvm.so+0x924a10], sa_mask[0]=11111111011111111101111111111110, sa_flags=SA_RESTART|SA_SIGINFO


---------------  S Y S T E M  ---------------

OS:DISTRIB_ID=LinuxMint
DISTRIB_RELEASE=18.1
DISTRIB_CODENAME=serena
DISTRIB_DESCRIPTION="Linux Mint 18.1 Serena"

uname:Linux 4.4.0-83-generic #106-Ubuntu SMP Mon Jun 26 17:54:43 UTC 2017 x86_64
libc:glibc 2.23 NPTL 2.23 
rlimit: STACK 8192k, CORE 0k, NPROC 11865, NOFILE 65536, AS infinity
load average:0,89 0,36 0,25

/proc/meminfo:
MemTotal:        3080356 kB
MemFree:           74648 kB
MemAvailable:      25640 kB
Buffers:             464 kB
Cached:            74540 kB
SwapCached:            0 kB
Active:          2844476 kB
Inactive:          56748 kB
Active(anon):    2827368 kB
Inactive(anon):    37832 kB
Active(file):      17108 kB
Inactive(file):    18916 kB
Unevictable:          32 kB
Mlocked:              32 kB
SwapTotal:             0 kB
SwapFree:              0 kB
Dirty:               172 kB
Writeback:             0 kB
AnonPages:       2826540 kB
Mapped:            66940 kB
Shmem:             38712 kB
Slab:              45560 kB
SReclaimable:      24708 kB
SUnreclaim:        20852 kB
KernelStack:        8608 kB
PageTables:        26324 kB
NFS_Unstable:          0 kB
Bounce:                0 kB
WritebackTmp:          0 kB
CommitLimit:     1540176 kB
Committed_AS:    4937936 kB
VmallocTotal:   34359738367 kB
VmallocUsed:           0 kB
VmallocChunk:          0 kB
HardwareCorrupted:     0 kB
AnonHugePages:   1732608 kB
CmaTotal:              0 kB
CmaFree:               0 kB
HugePages_Total:       0
HugePages_Free:        0
HugePages_Rsvd:        0
HugePages_Surp:        0
Hugepagesize:       2048 kB
DirectMap4k:       90048 kB
DirectMap2M:     3055616 kB


CPU:total 2 (initial active 2) (2 cores per cpu, 1 threads per core) family 6 model 78 stepping 3, cmov, cx8, fxsr, mmx, sse, sse2, sse3, ssse3, sse4.1, sse4.2, popcnt, avx, aes, clmul, 3dnowpref, lzcnt, tsc, tscinvbit

/proc/cpuinfo:
processor	: 0
vendor_id	: GenuineIntel
cpu family	: 6
model		: 78
model name	: Intel(R) Core(TM) i7-6500U CPU @ 2.50GHz
stepping	: 3
cpu MHz		: 2592.002
cache size	: 4096 KB
physical id	: 0
siblings	: 2
core id		: 0
cpu cores	: 2
apicid		: 0
initial apicid	: 0
fpu		: yes
fpu_exception	: yes
cpuid level	: 22
wp		: yes
flags		: fpu vme de pse tsc msr pae mce cx8 apic sep mtrr pge mca cmov pat pse36 clflush mmx fxsr sse sse2 ht syscall nx rdtscp lm constant_tsc rep_good nopl xtopology nonstop_tsc pni pclmulqdq ssse3 cx16 sse4_1 sse4_2 x2apic movbe popcnt aes xsave avx rdrand hypervisor lahf_lm abm 3dnowprefetch rdseed clflushopt
bugs		:
bogomips	: 5184.00
clflush size	: 64
cache_alignment	: 64
address sizes	: 39 bits physical, 48 bits virtual
power management:

processor	: 1
vendor_id	: GenuineIntel
cpu family	: 6
model		: 78
model name	: Intel(R) Core(TM) i7-6500U CPU @ 2.50GHz
stepping	: 3
cpu MHz		: 2592.002
cache size	: 4096 KB
physical id	: 0
siblings	: 2
core id		: 1
cpu cores	: 2
apicid		: 1
initial apicid	: 1
fpu		: yes
fpu_exception	: yes
cpuid level	: 22
wp		: yes
flags		: fpu vme de pse tsc msr pae mce cx8 apic sep mtrr pge mca cmov pat pse36 clflush mmx fxsr sse sse2 ht syscall nx rdtscp lm constant_tsc rep_good nopl xtopology nonstop_tsc pni pclmulqdq ssse3 cx16 sse4_1 sse4_2 x2apic movbe popcnt aes xsave avx rdrand hypervisor lahf_lm abm 3dnowprefetch rdseed clflushopt
bugs		:
bogomips	: 5184.00
clflush size	: 64
cache_alignment	: 64
address sizes	: 39 bits physical, 48 bits virtual
power management:



Memory: 4k page, physical 3080356k(74648k free), swap 0k(0k free)

vm_info: Java HotSpot(TM) 64-Bit Server VM (25.131-b11) for linux-amd64 JRE (1.8.0_131-b11), built on Mar 15 2017 01:23:40 by "java_re" with gcc 4.3.0 20080428 (Red Hat 4.3.0-8)

time: Wed Jul  5 13:08:48 2017
elapsed time: 2 seconds (0d 0h 0m 2s)

